Arguments: 
  /Users/ghippoda/.brew/Cellar/node/10.6.0/bin/node /Users/ghippoda/.brew/Cellar/yarn/1.7.0/libexec/bin/yarn.js install

PATH: 
  /Users/ghippoda/.brew/bin:/Users/ghippoda/.brew/bin:/usr/bin:/bin:/usr/sbin:/sbin:/usr/local/bin:/Applications/VMware

Yarn version: 
  1.7.0

Node version: 
  10.6.0

Platform: 
  darwin x64

Trace: 
  Error: ENOSPC: no space left on device, mkdir '/Users/ghippoda/Library/Caches/Yarn/v1/npm-express-4.16.4-fddef61926109e24c515ea97fd2f1bdbf62df12e'

npm manifest: 
  {
    "name": "server",
    "version": "1.0.0",
    "main": "index.js",
    "license": "MIT",
    "dependencies": {
      "express": "^4.15.2",
      "socket.io": "^2.1.1"
    }
  }

yarn manifest: 
  No manifest

Lockfile: 
  No lockfile
